Determining if the pthread_create exist failed with the following output:
Change Dir: /home/pinton/student733_ws/build/CMakeFiles/CMakeTmp

Run Build Command:"/usr/bin/make" "cmTC_1f6a2/fast"
/usr/bin/make -f CMakeFiles/cmTC_1f6a2.dir/build.make CMakeFiles/cmTC_1f6a2.dir/build
make[1]: Entering directory '/home/pinton/student733_ws/build/CMakeFiles/CMakeTmp'
Building C object CMakeFiles/cmTC_1f6a2.dir/CheckSymbolExists.c.o
/usr/bin/cc    -o CMakeFiles/cmTC_1f6a2.dir/CheckSymbolExists.c.o   -c /home/pinton/student733_ws/build/CMakeFiles/CMakeTmp/CheckSymbolExists.c
Linking C executable cmTC_1f6a2
/usr/bin/cmake -E cmake_link_script CMakeFiles/cmTC_1f6a2.dir/link.txt --verbose=1
/usr/bin/cc      -rdynamic CMakeFiles/cmTC_1f6a2.dir/CheckSymbolExists.c.o  -o cmTC_1f6a2 
CMakeFiles/cmTC_1f6a2.dir/CheckSymbolExists.c.o: In function `main':
CheckSymbolExists.c:(.text+0x1b): undefined reference to `pthread_create'
collect2: error: ld returned 1 exit status
CMakeFiles/cmTC_1f6a2.dir/build.make:97: recipe for target 'cmTC_1f6a2' failed
make[1]: *** [cmTC_1f6a2] Error 1
make[1]: Leaving directory '/home/pinton/student733_ws/build/CMakeFiles/CMakeTmp'
Makefile:126: recipe for target 'cmTC_1f6a2/fast' failed
make: *** [cmTC_1f6a2/fast] Error 2

File /home/pinton/student733_ws/build/CMakeFiles/CMakeTmp/CheckSymbolExists.c:
/* */
#include <pthread.h>

int main(int argc, char** argv)
{
  (void)argv;
#ifndef pthread_create
  return ((int*)(&pthread_create))[argc];
#else
  (void)argc;
  return 0;
#endif
}

Determining if the function pthread_create exists in the pthreads failed with the following output:
Change Dir: /home/pinton/student733_ws/build/CMakeFiles/CMakeTmp

Run Build Command:"/usr/bin/make" "cmTC_2f837/fast"
/usr/bin/make -f CMakeFiles/cmTC_2f837.dir/build.make CMakeFiles/cmTC_2f837.dir/build
make[1]: Entering directory '/home/pinton/student733_ws/build/CMakeFiles/CMakeTmp'
Building C object CMakeFiles/cmTC_2f837.dir/CheckFunctionExists.c.o
/usr/bin/cc   -DCHECK_FUNCTION_EXISTS=pthread_create   -o CMakeFiles/cmTC_2f837.dir/CheckFunctionExists.c.o   -c /usr/share/cmake-3.10/Modules/CheckFunctionExists.c
Linking C executable cmTC_2f837
/usr/bin/cmake -E cmake_link_script CMakeFiles/cmTC_2f837.dir/link.txt --verbose=1
/usr/bin/cc  -DCHECK_FUNCTION_EXISTS=pthread_create    -rdynamic CMakeFiles/cmTC_2f837.dir/CheckFunctionExists.c.o  -o cmTC_2f837 -lpthreads 
/usr/bin/ld: cannot find -lpthreads
collect2: error: ld returned 1 exit status
CMakeFiles/cmTC_2f837.dir/build.make:97: recipe for target 'cmTC_2f837' failed
make[1]: *** [cmTC_2f837] Error 1
make[1]: Leaving directory '/home/pinton/student733_ws/build/CMakeFiles/CMakeTmp'
Makefile:126: recipe for target 'cmTC_2f837/fast' failed
make: *** [cmTC_2f837/fast] Error 2


Performing C SOURCE FILE Test CMAKE_HAVE_LIBC_PTHREAD failed with the following output:
Change Dir: /home/pinton/student733_ws/build/CMakeFiles/CMakeTmp

Run Build Command(s):/usr/bin/make cmTC_ea590/fast && /usr/bin/make -f CMakeFiles/cmTC_ea590.dir/build.make CMakeFiles/cmTC_ea590.dir/build
make[1]: Entering directory '/home/pinton/student733_ws/build/CMakeFiles/CMakeTmp'
Building C object CMakeFiles/cmTC_ea590.dir/src.c.o
/usr/bin/cc   -DCMAKE_HAVE_LIBC_PTHREAD   -o CMakeFiles/cmTC_ea590.dir/src.c.o   -c /home/pinton/student733_ws/build/CMakeFiles/CMakeTmp/src.c
Linking C executable cmTC_ea590
/usr/bin/cmake -E cmake_link_script CMakeFiles/cmTC_ea590.dir/link.txt --verbose=1
/usr/bin/cc  -DCMAKE_HAVE_LIBC_PTHREAD    -rdynamic CMakeFiles/cmTC_ea590.dir/src.c.o  -o cmTC_ea590 
/usr/bin/ld: CMakeFiles/cmTC_ea590.dir/src.c.o: in function `main':
src.c:(.text+0x46): undefined reference to `pthread_create'
/usr/bin/ld: src.c:(.text+0x52): undefined reference to `pthread_detach'
/usr/bin/ld: src.c:(.text+0x63): undefined reference to `pthread_join'
collect2: error: ld returned 1 exit status
make[1]: *** [CMakeFiles/cmTC_ea590.dir/build.make:87: cmTC_ea590] Error 1
make[1]: Leaving directory '/home/pinton/student733_ws/build/CMakeFiles/CMakeTmp'
make: *** [Makefile:121: cmTC_ea590/fast] Error 2


Source file was:
#include <pthread.h>

void* test_func(void* data)
{
  return data;
}

int main(void)
{
  pthread_t thread;
  pthread_create(&thread, NULL, test_func, NULL);
  pthread_detach(thread);
  pthread_join(thread, NULL);
  pthread_atfork(NULL, NULL, NULL);
  pthread_exit(NULL);

  return 0;
}

